# JRE version: OpenJDK Runtime Environment (8.0) (build 1.8.0-25-microsoft-b00)
# Java VM: OpenJDK 64-Bit Server VM (25.71-b00 mixed mode windows-amd64 compressed oops)
Heap:
 PSYoungGen      total 200704K, used 80881K [0x00000000d6700000, 0x00000000e8400000, 0x0000000100000000)
  eden space 183808K, 35% used [0x00000000d6700000,0x00000000da5f3318,0x00000000e1a80000)
  from space 16896K, 97% used [0x00000000e7380000,0x00000000e83894e0,0x00000000e8400000)
  to   space 18944K, 0% used [0x00000000e5f00000,0x00000000e5f00000,0x00000000e7180000)
 ParOldGen       total 83968K, used 25578K [0x0000000083400000, 0x0000000088600000, 0x00000000d6700000)
  object space 83968K, 30% used [0x0000000083400000,0x0000000084cfa848,0x0000000088600000)
 Metaspace       used 29862K, capacity 30960K, committed 30976K, reserved 1077248K
  class space    used 3545K, capacity 3828K, committed 3840K, reserved 1048576K
GC Heap History (10 events):
Event: 5.399 GC heap before
{Heap before GC invocations=5 (full 0):
 PSYoungGen      total 70656K, used 70631K [0x00000000d6700000, 0x00000000db100000, 0x0000000100000000)
  eden space 65536K, 100% used [0x00000000d6700000,0x00000000da700000,0x00000000da700000)
  from space 5120K, 99% used [0x00000000dac00000,0x00000000db0f9c30,0x00000000db100000)
  to   space 5120K, 0% used [0x00000000da700000,0x00000000da700000,0x00000000dac00000)
 ParOldGen       total 86016K, used 12546K [0x0000000083400000, 0x0000000088800000, 0x00000000d6700000)
  object space 86016K, 14% used [0x0000000083400000,0x0000000084040998,0x0000000088800000)
 Metaspace       used 17686K, capacity 17938K, committed 18176K, reserved 1064960K
  class space    used 1848K, capacity 1928K, committed 2048K, reserved 1048576K
Event: 5.425 GC heap after
Heap after GC invocations=5 (full 0):
 PSYoungGen      total 70656K, used 5107K [0x00000000d6700000, 0x00000000e0300000, 0x0000000100000000)
  eden space 65536K, 0% used [0x00000000d6700000,0x00000000d6700000,0x00000000da700000)
  from space 5120K, 99% used [0x00000000da700000,0x00000000dabfcd50,0x00000000dac00000)
  to   space 14336K, 0% used [0x00000000df500000,0x00000000df500000,0x00000000e0300000)
 ParOldGen       total 86016K, used 18529K [0x0000000083400000, 0x0000000088800000, 0x00000000d6700000)
  object space 86016K, 21% used [0x0000000083400000,0x0000000084618750,0x0000000088800000)
 Metaspace       used 17686K, capacity 17938K, committed 18176K, reserved 1064960K
  class space    used 1848K, capacity 1928K, committed 2048K, reserved 1048576K
}
Event: 6.863 GC heap before
{Heap before GC invocations=6 (full 0):
 PSYoungGen      total 70656K, used 70643K [0x00000000d6700000, 0x00000000e0300000, 0x0000000100000000)
  eden space 65536K, 100% used [0x00000000d6700000,0x00000000da700000,0x00000000da700000)
  from space 5120K, 99% used [0x00000000da700000,0x00000000dabfcd50,0x00000000dac00000)
  to   space 14336K, 0% used [0x00000000df500000,0x00000000df500000,0x00000000e0300000)
 ParOldGen       total 86016K, used 18529K [0x0000000083400000, 0x0000000088800000, 0x00000000d6700000)
  object space 86016K, 21% used [0x0000000083400000,0x0000000084618750,0x0000000088800000)
 Metaspace       used 19907K, capacity 20296K, committed 20480K, reserved 1067008K
  class space    used 2167K, capacity 2301K, committed 2304K, reserved 1048576K
Event: 6.888 GC heap after
Heap after GC invocations=6 (full 0):
 PSYoungGen      total 143360K, used 13812K [0x00000000d6700000, 0x00000000e0700000, 0x0000000100000000)
  eden space 129024K, 0% used [0x00000000d6700000,0x00000000d6700000,0x00000000de500000)
  from space 14336K, 96% used [0x00000000df500000,0x00000000e027d138,0x00000000e0300000)
  to   space 16384K, 0% used [0x00000000de500000,0x00000000de500000,0x00000000df500000)
 ParOldGen       total 86016K, used 18537K [0x0000000083400000, 0x0000000088800000, 0x00000000d6700000)
  object space 86016K, 21% used [0x0000000083400000,0x000000008461a750,0x0000000088800000)
 Metaspace       used 19907K, capacity 20296K, committed 20480K, reserved 1067008K
  class space    used 2167K, capacity 2301K, committed 2304K, reserved 1048576K
}
Event: 7.306 GC heap before
{Heap before GC invocations=7 (full 0):
 PSYoungGen      total 143360K, used 37810K [0x00000000d6700000, 0x00000000e0700000, 0x0000000100000000)
  eden space 129024K, 18% used [0x00000000d6700000,0x00000000d7e6f838,0x00000000de500000)
  from space 14336K, 96% used [0x00000000df500000,0x00000000e027d138,0x00000000e0300000)
  to   space 16384K, 0% used [0x00000000de500000,0x00000000de500000,0x00000000df500000)
 ParOldGen       total 86016K, used 18537K [0x0000000083400000, 0x0000000088800000, 0x00000000d6700000)
  object space 86016K, 21% used [0x0000000083400000,0x000000008461a750,0x0000000088800000)
 Metaspace       used 20783K, capacity 21172K, committed 21296K, reserved 1069056K
  class space    used 2280K, capacity 2401K, committed 2432K, reserved 1048576K
Event: 7.343 GC heap after
Heap after GC invocations=7 (full 0):
 PSYoungGen      total 145408K, used 12706K [0x00000000d6700000, 0x00000000e8400000, 0x0000000100000000)
  eden space 129024K, 0% used [0x00000000d6700000,0x00000000d6700000,0x00000000de500000)
  from space 16384K, 77% used [0x00000000de500000,0x00000000df168940,0x00000000df500000)
  to   space 16896K, 0% used [0x00000000e7380000,0x00000000e7380000,0x00000000e8400000)
 ParOldGen       total 86016K, used 20327K [0x0000000083400000, 0x0000000088800000, 0x00000000d6700000)
  object space 86016K, 23% used [0x0000000083400000,0x00000000847d9ed8,0x0000000088800000)
 Metaspace       used 20783K, capacity 21172K, committed 21296K, reserved 1069056K
  class space    used 2280K, capacity 2401K, committed 2432K, reserved 1048576K
}
Event: 7.343 GC heap before
{Heap before GC invocations=8 (full 1):
 PSYoungGen      total 145408K, used 12706K [0x00000000d6700000, 0x00000000e8400000, 0x0000000100000000)
  eden space 129024K, 0% used [0x00000000d6700000,0x00000000d6700000,0x00000000de500000)
  from space 16384K, 77% used [0x00000000de500000,0x00000000df168940,0x00000000df500000)
  to   space 16896K, 0% used [0x00000000e7380000,0x00000000e7380000,0x00000000e8400000)
 ParOldGen       total 86016K, used 20327K [0x0000000083400000, 0x0000000088800000, 0x00000000d6700000)
  object space 86016K, 23% used [0x0000000083400000,0x00000000847d9ed8,0x0000000088800000)
 Metaspace       used 20783K, capacity 21172K, committed 21296K, reserved 1069056K
  class space    used 2280K, capacity 2401K, committed 2432K, reserved 1048576K
Event: 7.608 GC heap after
Heap after GC invocations=8 (full 1):
 PSYoungGen      total 145408K, used 0K [0x00000000d6700000, 0x00000000e8400000, 0x0000000100000000)
  eden space 129024K, 0% used [0x00000000d6700000,0x00000000d6700000,0x00000000de500000)
  from space 16384K, 0% used [0x00000000de500000,0x00000000de500000,0x00000000df500000)
  to   space 16896K, 0% used [0x00000000e7380000,0x00000000e7380000,0x00000000e8400000)
 ParOldGen       total 83968K, used 25570K [0x0000000083400000, 0x0000000088600000, 0x00000000d6700000)
  object space 83968K, 30% used [0x0000000083400000,0x0000000084cf8848,0x0000000088600000)
 Metaspace       used 20783K, capacity 21172K, committed 21296K, reserved 1069056K
  class space    used 2280K, capacity 2401K, committed 2432K, reserved 1048576K
}
Event: 11.421 GC heap before
{Heap before GC invocations=9 (full 1):
 PSYoungGen      total 145408K, used 129024K [0x00000000d6700000, 0x00000000e8400000, 0x0000000100000000)
  eden space 129024K, 100% used [0x00000000d6700000,0x00000000de500000,0x00000000de500000)
  from space 16384K, 0% used [0x00000000de500000,0x00000000de500000,0x00000000df500000)
  to   space 16896K, 0% used [0x00000000e7380000,0x00000000e7380000,0x00000000e8400000)
 ParOldGen       total 83968K, used 25570K [0x0000000083400000, 0x0000000088600000, 0x00000000d6700000)
  object space 83968K, 30% used [0x0000000083400000,0x0000000084cf8848,0x0000000088600000)
 Metaspace       used 27788K, capacity 28720K, committed 28928K, reserved 1075200K
  class space    used 3241K, capacity 3468K, committed 3584K, reserved 1048576K
Event: 11.450 GC heap after
Heap after GC invocations=9 (full 1):
 PSYoungGen      total 200704K, used 16421K [0x00000000d6700000, 0x00000000e8400000, 0x0000000100000000)
  eden space 183808K, 0% used [0x00000000d6700000,0x00000000d6700000,0x00000000e1a80000)
  from space 16896K, 97% used [0x00000000e7380000,0x00000000e83894e0,0x00000000e8400000)
  to   space 18944K, 0% used [0x00000000e5f00000,0x00000000e5f00000,0x00000000e7180000)
 ParOldGen       total 83968K, used 25578K [0x0000000083400000, 0x0000000088600000, 0x00000000d6700000)
  object space 83968K, 30% used [0x0000000083400000,0x0000000084cfa848,0x0000000088600000)
 Metaspace       used 27788K, capacity 28720K, committed 28928K, reserved 1075200K
  class space    used 3241K, capacity 3468K, committed 3584K, reserved 1048576K
}

